/root/miniconda3/envs/py36/lib/python3.6/site-packages/paramiko/transport.py:32: CryptographyDeprecationWarning: Python 3.6 is no longer supported by the Python core team. Therefore, support for it is deprecated in cryptography. The next release of cryptography will remove support for Python 3.6.
  from cryptography.hazmat.backends import default_backend
==================== Parsed Arguments ====================
gpu                             : 0
seed                            : 0
load_path                       : None
save_model                      : False
local_eval                      : False
dataset                         : cifar10
datadir                         : ./data
model                           : resnet20_cifar
batch_size                      : 64
lr                              : 0.01
n_iteration                     : 200
alg                             : fedavg
n_client                        : 3
n_round                         : 100
sample_fraction                 : 1.0
partition                       : noniid
beta                            : 0.1
skew_class                      : 2
mia_attack                      : 0
mia_transforms                  : 1
mia_drop_last                   : 0
mia_small_train                 : 0
mia_small_fraction              : 0.2
leaf_sample_top                 : 1
leaf_train_num                  : 20
leaf_test_num                   : 20
flair_num_test_client           : 10
flair_img_size                  : 64
flair_client_select             : rand
flair_gen_class                 : 153
flair_num_per_class             : 1
flair_syn_lr                    : 0.01
fedgc                           : False
fedgc_generator                 : SD-v1-5
fedgc_num_gen                   : 10000
fedgc_change_aggr               : 0
fedgc_allocation                : equal
server_momentum                 : 0.0
mu                              : 0.01
decorr_beta                     : 0.1
exp_eps                         : 0.001
dyn_alpha                       : 0.01
adam_server_momentum_1          : 0.9
adam_server_momentum_2          : 0.99
adam_server_lr                  : 1.0
adam_tau                        : 0.001
sam_rho                         : 0.05
VHL_alpha                       : 1.0
VHL_feat_align                  : False
VHL_generative_dataset_root_path: /GPFS/data/yaxindu/FedHomo/dataset
VHL_dataset_batch_size          : 128
VHL_dataset_list                : Gaussian_Noise
VHL_align_local_epoch           : 5
gen_noise_dim                   : 512
gen_generator_learning_rate     : 0.005
gen_hidden_dim                  : 512
gen_server_epochs               : 400
gen_batch_size                  : 32
n_class                         : 10
n_channel                       : 3
img_size                        : 32
========================================
Files already downloaded and verified
Files already downloaded and verified
==================== Data Distributions ====================
[[4999    0  121 4998 1205    0    0 1855 4999    0]
 [   0   87    1    1 3583    1 4948   13    1 5000]
 [   1 4913 4878    1  212 4999   52 3132    0    0]]
Number of samples per client: [18177 13635 18188]
==================== Start Federated Learning ====================
文件 /data/FL/models/local_models/client_0_round_0.pth 已成功传输到 60.204.226.214:/data/FL/local_models/
文件 round_0.pth 尚未出现，正在等待...
文件 round_0.pth 尚未出现，正在等待...
文件 round_0.pth 尚未出现，正在等待...
文件 round_0.pth 尚未出现，正在等待...
文件 round_0.pth 已出现。
>> Round 0 | Current Acc: 0.10840, Best Acc: 0.10840 <<
--------------------------------------------------------------------------------
文件 /data/FL/models/local_models/client_0_round_1.pth 已成功传输到 60.204.226.214:/data/FL/local_models/
文件 round_1.pth 尚未出现，正在等待...
文件 round_1.pth 尚未出现，正在等待...
文件 round_1.pth 尚未出现，正在等待...
文件 round_1.pth 尚未出现，正在等待...
文件 round_1.pth 已出现。
>> Round 1 | Current Acc: 0.20620, Best Acc: 0.20620 <<
--------------------------------------------------------------------------------
文件 /data/FL/models/local_models/client_0_round_2.pth 已成功传输到 60.204.226.214:/data/FL/local_models/
文件 round_2.pth 尚未出现，正在等待...
文件 round_2.pth 尚未出现，正在等待...
文件 round_2.pth 尚未出现，正在等待...
文件 round_2.pth 尚未出现，正在等待...
文件 round_2.pth 尚未出现，正在等待...
文件 round_2.pth 已出现。
>> Round 2 | Current Acc: 0.24140, Best Acc: 0.24140 <<
--------------------------------------------------------------------------------
文件 /data/FL/models/local_models/client_0_round_3.pth 已成功传输到 60.204.226.214:/data/FL/local_models/
文件 round_3.pth 尚未出现，正在等待...
文件 round_3.pth 尚未出现，正在等待...
文件 round_3.pth 尚未出现，正在等待...
文件 round_3.pth 尚未出现，正在等待...
文件 round_3.pth 已出现。
>> Round 3 | Current Acc: 0.24640, Best Acc: 0.24640 <<
--------------------------------------------------------------------------------
文件 /data/FL/models/local_models/client_0_round_4.pth 已成功传输到 60.204.226.214:/data/FL/local_models/
文件 round_4.pth 尚未出现，正在等待...
文件 round_4.pth 尚未出现，正在等待...
文件 round_4.pth 尚未出现，正在等待...
文件 round_4.pth 尚未出现，正在等待...
文件 round_4.pth 已出现。
>> Round 4 | Current Acc: 0.27850, Best Acc: 0.27850 <<
--------------------------------------------------------------------------------
文件 /data/FL/models/local_models/client_0_round_5.pth 已成功传输到 60.204.226.214:/data/FL/local_models/
文件 round_5.pth 尚未出现，正在等待...
文件 round_5.pth 尚未出现，正在等待...
文件 round_5.pth 尚未出现，正在等待...
文件 round_5.pth 尚未出现，正在等待...
文件 round_5.pth 已出现。
>> Round 5 | Current Acc: 0.28450, Best Acc: 0.28450 <<
--------------------------------------------------------------------------------
文件 /data/FL/models/local_models/client_0_round_6.pth 已成功传输到 60.204.226.214:/data/FL/local_models/
文件 round_6.pth 尚未出现，正在等待...
文件 round_6.pth 尚未出现，正在等待...
文件 round_6.pth 尚未出现，正在等待...
文件 round_6.pth 尚未出现，正在等待...
文件 round_6.pth 已出现。
>> Round 6 | Current Acc: 0.37070, Best Acc: 0.37070 <<
--------------------------------------------------------------------------------
文件 /data/FL/models/local_models/client_0_round_7.pth 已成功传输到 60.204.226.214:/data/FL/local_models/
文件 round_7.pth 尚未出现，正在等待...
文件 round_7.pth 尚未出现，正在等待...
文件 round_7.pth 尚未出现，正在等待...
文件 round_7.pth 尚未出现，正在等待...
文件 round_7.pth 已出现。
>> Round 7 | Current Acc: 0.32240, Best Acc: 0.37070 <<
--------------------------------------------------------------------------------
文件 /data/FL/models/local_models/client_0_round_8.pth 已成功传输到 60.204.226.214:/data/FL/local_models/
文件 round_8.pth 尚未出现，正在等待...
文件 round_8.pth 尚未出现，正在等待...
文件 round_8.pth 尚未出现，正在等待...
文件 round_8.pth 尚未出现，正在等待...
文件 round_8.pth 已出现。
>> Round 8 | Current Acc: 0.36220, Best Acc: 0.37070 <<
--------------------------------------------------------------------------------
文件 /data/FL/models/local_models/client_0_round_9.pth 已成功传输到 60.204.226.214:/data/FL/local_models/
文件 round_9.pth 尚未出现，正在等待...
文件 round_9.pth 尚未出现，正在等待...
文件 round_9.pth 尚未出现，正在等待...
文件 round_9.pth 尚未出现，正在等待...
文件 round_9.pth 尚未出现，正在等待...
文件 round_9.pth 已出现。
>> Round 9 | Current Acc: 0.42720, Best Acc: 0.42720 <<
--------------------------------------------------------------------------------
文件 /data/FL/models/local_models/client_0_round_10.pth 已成功传输到 60.204.226.214:/data/FL/local_models/
文件 round_10.pth 尚未出现，正在等待...
文件 round_10.pth 尚未出现，正在等待...
文件 round_10.pth 尚未出现，正在等待...
文件 round_10.pth 尚未出现，正在等待...
文件 round_10.pth 已出现。
>> Round 10 | Current Acc: 0.43000, Best Acc: 0.43000 <<
--------------------------------------------------------------------------------
文件 /data/FL/models/local_models/client_0_round_11.pth 已成功传输到 60.204.226.214:/data/FL/local_models/
文件 round_11.pth 尚未出现，正在等待...
文件 round_11.pth 尚未出现，正在等待...
文件 round_11.pth 尚未出现，正在等待...
文件 round_11.pth 尚未出现，正在等待...
文件 round_11.pth 已出现。
>> Round 11 | Current Acc: 0.51070, Best Acc: 0.51070 <<
--------------------------------------------------------------------------------
文件 /data/FL/models/local_models/client_0_round_12.pth 已成功传输到 60.204.226.214:/data/FL/local_models/
文件 round_12.pth 尚未出现，正在等待...
文件 round_12.pth 尚未出现，正在等待...
文件 round_12.pth 尚未出现，正在等待...
文件 round_12.pth 尚未出现，正在等待...
文件 round_12.pth 已出现。
>> Round 12 | Current Acc: 0.47550, Best Acc: 0.51070 <<
--------------------------------------------------------------------------------
文件 /data/FL/models/local_models/client_0_round_13.pth 已成功传输到 60.204.226.214:/data/FL/local_models/
文件 round_13.pth 尚未出现，正在等待...
文件 round_13.pth 尚未出现，正在等待...
文件 round_13.pth 尚未出现，正在等待...
文件 round_13.pth 尚未出现，正在等待...
文件 round_13.pth 已出现。
>> Round 13 | Current Acc: 0.48980, Best Acc: 0.51070 <<
--------------------------------------------------------------------------------
文件 /data/FL/models/local_models/client_0_round_14.pth 已成功传输到 60.204.226.214:/data/FL/local_models/
文件 round_14.pth 尚未出现，正在等待...
文件 round_14.pth 尚未出现，正在等待...
文件 round_14.pth 尚未出现，正在等待...
文件 round_14.pth 尚未出现，正在等待...
文件 round_14.pth 已出现。
>> Round 14 | Current Acc: 0.52310, Best Acc: 0.52310 <<
--------------------------------------------------------------------------------
文件 /data/FL/models/local_models/client_0_round_15.pth 已成功传输到 60.204.226.214:/data/FL/local_models/
文件 round_15.pth 尚未出现，正在等待...
文件 round_15.pth 尚未出现，正在等待...
文件 round_15.pth 尚未出现，正在等待...
文件 round_15.pth 尚未出现，正在等待...
文件 round_15.pth 已出现。
>> Round 15 | Current Acc: 0.52810, Best Acc: 0.52810 <<
--------------------------------------------------------------------------------
文件 /data/FL/models/local_models/client_0_round_16.pth 已成功传输到 60.204.226.214:/data/FL/local_models/
文件 round_16.pth 尚未出现，正在等待...
文件 round_16.pth 尚未出现，正在等待...
文件 round_16.pth 尚未出现，正在等待...
文件 round_16.pth 尚未出现，正在等待...
文件 round_16.pth 尚未出现，正在等待...
文件 round_16.pth 已出现。
>> Round 16 | Current Acc: 0.48200, Best Acc: 0.52810 <<
--------------------------------------------------------------------------------
文件 /data/FL/models/local_models/client_0_round_17.pth 已成功传输到 60.204.226.214:/data/FL/local_models/
文件 round_17.pth 尚未出现，正在等待...
文件 round_17.pth 尚未出现，正在等待...
文件 round_17.pth 尚未出现，正在等待...
文件 round_17.pth 尚未出现，正在等待...
文件 round_17.pth 已出现。
>> Round 17 | Current Acc: 0.54400, Best Acc: 0.54400 <<
--------------------------------------------------------------------------------
文件 /data/FL/models/local_models/client_0_round_18.pth 已成功传输到 60.204.226.214:/data/FL/local_models/
文件 round_18.pth 尚未出现，正在等待...
文件 round_18.pth 尚未出现，正在等待...
文件 round_18.pth 尚未出现，正在等待...
文件 round_18.pth 尚未出现，正在等待...
文件 round_18.pth 已出现。
>> Round 18 | Current Acc: 0.47340, Best Acc: 0.54400 <<
--------------------------------------------------------------------------------
文件 /data/FL/models/local_models/client_0_round_19.pth 已成功传输到 60.204.226.214:/data/FL/local_models/
文件 round_19.pth 尚未出现，正在等待...
文件 round_19.pth 尚未出现，正在等待...
文件 round_19.pth 尚未出现，正在等待...
文件 round_19.pth 尚未出现，正在等待...
文件 round_19.pth 已出现。
>> Round 19 | Current Acc: 0.57440, Best Acc: 0.57440 <<
--------------------------------------------------------------------------------
文件 /data/FL/models/local_models/client_0_round_20.pth 已成功传输到 60.204.226.214:/data/FL/local_models/
文件 round_20.pth 尚未出现，正在等待...
文件 round_20.pth 尚未出现，正在等待...
文件 round_20.pth 尚未出现，正在等待...
文件 round_20.pth 尚未出现，正在等待...
文件 round_20.pth 已出现。
>> Round 20 | Current Acc: 0.56560, Best Acc: 0.57440 <<
--------------------------------------------------------------------------------
文件 /data/FL/models/local_models/client_0_round_21.pth 已成功传输到 60.204.226.214:/data/FL/local_models/
文件 round_21.pth 尚未出现，正在等待...
文件 round_21.pth 尚未出现，正在等待...
文件 round_21.pth 尚未出现，正在等待...
文件 round_21.pth 尚未出现，正在等待...
文件 round_21.pth 已出现。
>> Round 21 | Current Acc: 0.51770, Best Acc: 0.57440 <<
--------------------------------------------------------------------------------
文件 /data/FL/models/local_models/client_0_round_22.pth 已成功传输到 60.204.226.214:/data/FL/local_models/
文件 round_22.pth 尚未出现，正在等待...
文件 round_22.pth 尚未出现，正在等待...
文件 round_22.pth 尚未出现，正在等待...
文件 round_22.pth 尚未出现，正在等待...
文件 round_22.pth 已出现。
>> Round 22 | Current Acc: 0.57210, Best Acc: 0.57440 <<
--------------------------------------------------------------------------------
文件 /data/FL/models/local_models/client_0_round_23.pth 已成功传输到 60.204.226.214:/data/FL/local_models/
文件 round_23.pth 尚未出现，正在等待...
文件 round_23.pth 尚未出现，正在等待...
文件 round_23.pth 尚未出现，正在等待...
文件 round_23.pth 尚未出现，正在等待...
文件 round_23.pth 尚未出现，正在等待...
文件 round_23.pth 已出现。
>> Round 23 | Current Acc: 0.51640, Best Acc: 0.57440 <<
--------------------------------------------------------------------------------
文件 /data/FL/models/local_models/client_0_round_24.pth 已成功传输到 60.204.226.214:/data/FL/local_models/
文件 round_24.pth 尚未出现，正在等待...
文件 round_24.pth 尚未出现，正在等待...
文件 round_24.pth 尚未出现，正在等待...
文件 round_24.pth 尚未出现，正在等待...
文件 round_24.pth 已出现。
>> Round 24 | Current Acc: 0.57310, Best Acc: 0.57440 <<
--------------------------------------------------------------------------------
文件 /data/FL/models/local_models/client_0_round_25.pth 已成功传输到 60.204.226.214:/data/FL/local_models/
文件 round_25.pth 尚未出现，正在等待...
文件 round_25.pth 尚未出现，正在等待...
文件 round_25.pth 尚未出现，正在等待...
文件 round_25.pth 尚未出现，正在等待...
文件 round_25.pth 已出现。
>> Round 25 | Current Acc: 0.59190, Best Acc: 0.59190 <<
--------------------------------------------------------------------------------
文件 /data/FL/models/local_models/client_0_round_26.pth 已成功传输到 60.204.226.214:/data/FL/local_models/
文件 round_26.pth 尚未出现，正在等待...
文件 round_26.pth 尚未出现，正在等待...
文件 round_26.pth 尚未出现，正在等待...
文件 round_26.pth 尚未出现，正在等待...
文件 round_26.pth 已出现。
>> Round 26 | Current Acc: 0.60290, Best Acc: 0.60290 <<
--------------------------------------------------------------------------------
文件 /data/FL/models/local_models/client_0_round_27.pth 已成功传输到 60.204.226.214:/data/FL/local_models/
文件 round_27.pth 尚未出现，正在等待...
文件 round_27.pth 尚未出现，正在等待...
文件 round_27.pth 尚未出现，正在等待...
文件 round_27.pth 尚未出现，正在等待...
文件 round_27.pth 已出现。
>> Round 27 | Current Acc: 0.56620, Best Acc: 0.60290 <<
--------------------------------------------------------------------------------
文件 /data/FL/models/local_models/client_0_round_28.pth 已成功传输到 60.204.226.214:/data/FL/local_models/
文件 round_28.pth 尚未出现，正在等待...
文件 round_28.pth 尚未出现，正在等待...
文件 round_28.pth 尚未出现，正在等待...
文件 round_28.pth 尚未出现，正在等待...
文件 round_28.pth 已出现。
>> Round 28 | Current Acc: 0.59480, Best Acc: 0.60290 <<
--------------------------------------------------------------------------------
文件 /data/FL/models/local_models/client_0_round_29.pth 已成功传输到 60.204.226.214:/data/FL/local_models/
文件 round_29.pth 尚未出现，正在等待...
文件 round_29.pth 尚未出现，正在等待...
文件 round_29.pth 尚未出现，正在等待...
文件 round_29.pth 尚未出现，正在等待...
文件 round_29.pth 已出现。
>> Round 29 | Current Acc: 0.62420, Best Acc: 0.62420 <<
--------------------------------------------------------------------------------
文件 /data/FL/models/local_models/client_0_round_30.pth 已成功传输到 60.204.226.214:/data/FL/local_models/
文件 round_30.pth 尚未出现，正在等待...
文件 round_30.pth 尚未出现，正在等待...
文件 round_30.pth 尚未出现，正在等待...
文件 round_30.pth 尚未出现，正在等待...
文件 round_30.pth 尚未出现，正在等待...
文件 round_30.pth 已出现。
>> Round 30 | Current Acc: 0.61320, Best Acc: 0.62420 <<
--------------------------------------------------------------------------------
文件 /data/FL/models/local_models/client_0_round_31.pth 已成功传输到 60.204.226.214:/data/FL/local_models/
文件 round_31.pth 尚未出现，正在等待...
文件 round_31.pth 尚未出现，正在等待...
文件 round_31.pth 尚未出现，正在等待...
文件 round_31.pth 尚未出现，正在等待...
文件 round_31.pth 已出现。
>> Round 31 | Current Acc: 0.61600, Best Acc: 0.62420 <<
--------------------------------------------------------------------------------
文件 /data/FL/models/local_models/client_0_round_32.pth 已成功传输到 60.204.226.214:/data/FL/local_models/
文件 round_32.pth 尚未出现，正在等待...
文件 round_32.pth 尚未出现，正在等待...
文件 round_32.pth 尚未出现，正在等待...
文件 round_32.pth 尚未出现，正在等待...
文件 round_32.pth 已出现。
>> Round 32 | Current Acc: 0.62050, Best Acc: 0.62420 <<
--------------------------------------------------------------------------------
文件 /data/FL/models/local_models/client_0_round_33.pth 已成功传输到 60.204.226.214:/data/FL/local_models/
文件 round_33.pth 尚未出现，正在等待...
文件 round_33.pth 尚未出现，正在等待...
文件 round_33.pth 尚未出现，正在等待...
文件 round_33.pth 尚未出现，正在等待...
文件 round_33.pth 尚未出现，正在等待...
文件 round_33.pth 已出现。
>> Round 33 | Current Acc: 0.60900, Best Acc: 0.62420 <<
--------------------------------------------------------------------------------
文件 /data/FL/models/local_models/client_0_round_34.pth 已成功传输到 60.204.226.214:/data/FL/local_models/
文件 round_34.pth 尚未出现，正在等待...
文件 round_34.pth 尚未出现，正在等待...
文件 round_34.pth 尚未出现，正在等待...
文件 round_34.pth 尚未出现，正在等待...
文件 round_34.pth 已出现。
>> Round 34 | Current Acc: 0.64410, Best Acc: 0.64410 <<
--------------------------------------------------------------------------------
文件 /data/FL/models/local_models/client_0_round_35.pth 已成功传输到 60.204.226.214:/data/FL/local_models/
文件 round_35.pth 尚未出现，正在等待...
文件 round_35.pth 尚未出现，正在等待...
文件 round_35.pth 尚未出现，正在等待...
文件 round_35.pth 尚未出现，正在等待...
文件 round_35.pth 已出现。
>> Round 35 | Current Acc: 0.63630, Best Acc: 0.64410 <<
--------------------------------------------------------------------------------
文件 /data/FL/models/local_models/client_0_round_36.pth 已成功传输到 60.204.226.214:/data/FL/local_models/
文件 round_36.pth 尚未出现，正在等待...
文件 round_36.pth 尚未出现，正在等待...
文件 round_36.pth 尚未出现，正在等待...
文件 round_36.pth 尚未出现，正在等待...
文件 round_36.pth 已出现。
>> Round 36 | Current Acc: 0.66440, Best Acc: 0.66440 <<
--------------------------------------------------------------------------------
文件 /data/FL/models/local_models/client_0_round_37.pth 已成功传输到 60.204.226.214:/data/FL/local_models/
文件 round_37.pth 尚未出现，正在等待...
文件 round_37.pth 尚未出现，正在等待...
文件 round_37.pth 尚未出现，正在等待...
文件 round_37.pth 尚未出现，正在等待...
文件 round_37.pth 已出现。
>> Round 37 | Current Acc: 0.63950, Best Acc: 0.66440 <<
--------------------------------------------------------------------------------
文件 /data/FL/models/local_models/client_0_round_38.pth 已成功传输到 60.204.226.214:/data/FL/local_models/
文件 round_38.pth 尚未出现，正在等待...
文件 round_38.pth 尚未出现，正在等待...
文件 round_38.pth 尚未出现，正在等待...
文件 round_38.pth 尚未出现，正在等待...
文件 round_38.pth 尚未出现，正在等待...
文件 round_38.pth 已出现。
>> Round 38 | Current Acc: 0.64750, Best Acc: 0.66440 <<
--------------------------------------------------------------------------------
文件 /data/FL/models/local_models/client_0_round_39.pth 已成功传输到 60.204.226.214:/data/FL/local_models/
文件 round_39.pth 尚未出现，正在等待...
文件 round_39.pth 尚未出现，正在等待...
文件 round_39.pth 尚未出现，正在等待...
文件 round_39.pth 尚未出现，正在等待...
文件 round_39.pth 已出现。
>> Round 39 | Current Acc: 0.64190, Best Acc: 0.66440 <<
--------------------------------------------------------------------------------
文件 /data/FL/models/local_models/client_0_round_40.pth 已成功传输到 60.204.226.214:/data/FL/local_models/
文件 round_40.pth 尚未出现，正在等待...
文件 round_40.pth 尚未出现，正在等待...
文件 round_40.pth 尚未出现，正在等待...
文件 round_40.pth 尚未出现，正在等待...
文件 round_40.pth 已出现。
>> Round 40 | Current Acc: 0.63500, Best Acc: 0.66440 <<
--------------------------------------------------------------------------------
文件 /data/FL/models/local_models/client_0_round_41.pth 已成功传输到 60.204.226.214:/data/FL/local_models/
文件 round_41.pth 尚未出现，正在等待...
文件 round_41.pth 尚未出现，正在等待...
文件 round_41.pth 尚未出现，正在等待...
文件 round_41.pth 尚未出现，正在等待...
文件 round_41.pth 已出现。
>> Round 41 | Current Acc: 0.64470, Best Acc: 0.66440 <<
--------------------------------------------------------------------------------
文件 /data/FL/models/local_models/client_0_round_42.pth 已成功传输到 60.204.226.214:/data/FL/local_models/
文件 round_42.pth 尚未出现，正在等待...
文件 round_42.pth 尚未出现，正在等待...
文件 round_42.pth 尚未出现，正在等待...
文件 round_42.pth 尚未出现，正在等待...
文件 round_42.pth 已出现。
>> Round 42 | Current Acc: 0.62570, Best Acc: 0.66440 <<
--------------------------------------------------------------------------------
文件 /data/FL/models/local_models/client_0_round_43.pth 已成功传输到 60.204.226.214:/data/FL/local_models/
文件 round_43.pth 尚未出现，正在等待...
文件 round_43.pth 尚未出现，正在等待...
文件 round_43.pth 尚未出现，正在等待...
文件 round_43.pth 尚未出现，正在等待...
文件 round_43.pth 尚未出现，正在等待...
文件 round_43.pth 已出现。
>> Round 43 | Current Acc: 0.62980, Best Acc: 0.66440 <<
--------------------------------------------------------------------------------
文件 /data/FL/models/local_models/client_0_round_44.pth 已成功传输到 60.204.226.214:/data/FL/local_models/
文件 round_44.pth 尚未出现，正在等待...
文件 round_44.pth 尚未出现，正在等待...
文件 round_44.pth 尚未出现，正在等待...
文件 round_44.pth 尚未出现，正在等待...
文件 round_44.pth 已出现。
>> Round 44 | Current Acc: 0.66880, Best Acc: 0.66880 <<
--------------------------------------------------------------------------------
文件 /data/FL/models/local_models/client_0_round_45.pth 已成功传输到 60.204.226.214:/data/FL/local_models/
文件 round_45.pth 尚未出现，正在等待...
文件 round_45.pth 尚未出现，正在等待...
文件 round_45.pth 尚未出现，正在等待...
文件 round_45.pth 尚未出现，正在等待...
文件 round_45.pth 已出现。
>> Round 45 | Current Acc: 0.65510, Best Acc: 0.66880 <<
--------------------------------------------------------------------------------
文件 /data/FL/models/local_models/client_0_round_46.pth 已成功传输到 60.204.226.214:/data/FL/local_models/
文件 round_46.pth 尚未出现，正在等待...
文件 round_46.pth 尚未出现，正在等待...
文件 round_46.pth 尚未出现，正在等待...
文件 round_46.pth 尚未出现，正在等待...
文件 round_46.pth 已出现。
>> Round 46 | Current Acc: 0.65820, Best Acc: 0.66880 <<
--------------------------------------------------------------------------------
文件 /data/FL/models/local_models/client_0_round_47.pth 已成功传输到 60.204.226.214:/data/FL/local_models/
文件 round_47.pth 尚未出现，正在等待...
文件 round_47.pth 尚未出现，正在等待...
文件 round_47.pth 尚未出现，正在等待...
文件 round_47.pth 尚未出现，正在等待...
文件 round_47.pth 已出现。
>> Round 47 | Current Acc: 0.64540, Best Acc: 0.66880 <<
--------------------------------------------------------------------------------
文件 /data/FL/models/local_models/client_0_round_48.pth 已成功传输到 60.204.226.214:/data/FL/local_models/
文件 round_48.pth 尚未出现，正在等待...
文件 round_48.pth 尚未出现，正在等待...
文件 round_48.pth 尚未出现，正在等待...
文件 round_48.pth 尚未出现，正在等待...
文件 round_48.pth 已出现。
>> Round 48 | Current Acc: 0.67180, Best Acc: 0.67180 <<
--------------------------------------------------------------------------------
文件 /data/FL/models/local_models/client_0_round_49.pth 已成功传输到 60.204.226.214:/data/FL/local_models/
文件 round_49.pth 尚未出现，正在等待...
文件 round_49.pth 尚未出现，正在等待...
文件 round_49.pth 尚未出现，正在等待...
文件 round_49.pth 尚未出现，正在等待...
文件 round_49.pth 已出现。
>> Round 49 | Current Acc: 0.66680, Best Acc: 0.67180 <<
--------------------------------------------------------------------------------
文件 /data/FL/models/local_models/client_0_round_50.pth 已成功传输到 60.204.226.214:/data/FL/local_models/
文件 round_50.pth 尚未出现，正在等待...
文件 round_50.pth 尚未出现，正在等待...
文件 round_50.pth 尚未出现，正在等待...
文件 round_50.pth 尚未出现，正在等待...
文件 round_50.pth 尚未出现，正在等待...
文件 round_50.pth 已出现。
>> Round 50 | Current Acc: 0.65550, Best Acc: 0.67180 <<
--------------------------------------------------------------------------------
文件 /data/FL/models/local_models/client_0_round_51.pth 已成功传输到 60.204.226.214:/data/FL/local_models/
文件 round_51.pth 尚未出现，正在等待...
文件 round_51.pth 尚未出现，正在等待...
文件 round_51.pth 尚未出现，正在等待...
文件 round_51.pth 尚未出现，正在等待...
文件 round_51.pth 已出现。
>> Round 51 | Current Acc: 0.68110, Best Acc: 0.68110 <<
--------------------------------------------------------------------------------
文件 /data/FL/models/local_models/client_0_round_52.pth 已成功传输到 60.204.226.214:/data/FL/local_models/
文件 round_52.pth 尚未出现，正在等待...
文件 round_52.pth 尚未出现，正在等待...
文件 round_52.pth 尚未出现，正在等待...
文件 round_52.pth 尚未出现，正在等待...
文件 round_52.pth 已出现。
>> Round 52 | Current Acc: 0.67890, Best Acc: 0.68110 <<
--------------------------------------------------------------------------------
文件 /data/FL/models/local_models/client_0_round_53.pth 已成功传输到 60.204.226.214:/data/FL/local_models/
文件 round_53.pth 尚未出现，正在等待...
文件 round_53.pth 尚未出现，正在等待...
文件 round_53.pth 尚未出现，正在等待...
文件 round_53.pth 尚未出现，正在等待...
文件 round_53.pth 已出现。
>> Round 53 | Current Acc: 0.68390, Best Acc: 0.68390 <<
--------------------------------------------------------------------------------
文件 /data/FL/models/local_models/client_0_round_54.pth 已成功传输到 60.204.226.214:/data/FL/local_models/
文件 round_54.pth 尚未出现，正在等待...
文件 round_54.pth 尚未出现，正在等待...
文件 round_54.pth 尚未出现，正在等待...
文件 round_54.pth 尚未出现，正在等待...
文件 round_54.pth 已出现。
>> Round 54 | Current Acc: 0.65120, Best Acc: 0.68390 <<
--------------------------------------------------------------------------------
文件 /data/FL/models/local_models/client_0_round_55.pth 已成功传输到 60.204.226.214:/data/FL/local_models/
文件 round_55.pth 尚未出现，正在等待...
文件 round_55.pth 尚未出现，正在等待...
文件 round_55.pth 尚未出现，正在等待...
文件 round_55.pth 尚未出现，正在等待...
文件 round_55.pth 已出现。
>> Round 55 | Current Acc: 0.65820, Best Acc: 0.68390 <<
--------------------------------------------------------------------------------
文件 /data/FL/models/local_models/client_0_round_56.pth 已成功传输到 60.204.226.214:/data/FL/local_models/
文件 round_56.pth 尚未出现，正在等待...
文件 round_56.pth 尚未出现，正在等待...
文件 round_56.pth 尚未出现，正在等待...
文件 round_56.pth 尚未出现，正在等待...
文件 round_56.pth 已出现。
>> Round 56 | Current Acc: 0.65110, Best Acc: 0.68390 <<
--------------------------------------------------------------------------------
文件 /data/FL/models/local_models/client_0_round_57.pth 已成功传输到 60.204.226.214:/data/FL/local_models/
文件 round_57.pth 尚未出现，正在等待...
文件 round_57.pth 尚未出现，正在等待...
文件 round_57.pth 尚未出现，正在等待...
文件 round_57.pth 尚未出现，正在等待...
文件 round_57.pth 尚未出现，正在等待...
文件 round_57.pth 已出现。
>> Round 57 | Current Acc: 0.63830, Best Acc: 0.68390 <<
--------------------------------------------------------------------------------
文件 /data/FL/models/local_models/client_0_round_58.pth 已成功传输到 60.204.226.214:/data/FL/local_models/
文件 round_58.pth 尚未出现，正在等待...
文件 round_58.pth 尚未出现，正在等待...
文件 round_58.pth 尚未出现，正在等待...
文件 round_58.pth 尚未出现，正在等待...
文件 round_58.pth 已出现。
>> Round 58 | Current Acc: 0.70090, Best Acc: 0.70090 <<
--------------------------------------------------------------------------------
文件 /data/FL/models/local_models/client_0_round_59.pth 已成功传输到 60.204.226.214:/data/FL/local_models/
文件 round_59.pth 尚未出现，正在等待...
文件 round_59.pth 尚未出现，正在等待...
文件 round_59.pth 尚未出现，正在等待...
文件 round_59.pth 尚未出现，正在等待...
文件 round_59.pth 已出现。
>> Round 59 | Current Acc: 0.65230, Best Acc: 0.70090 <<
--------------------------------------------------------------------------------
文件 /data/FL/models/local_models/client_0_round_60.pth 已成功传输到 60.204.226.214:/data/FL/local_models/
文件 round_60.pth 尚未出现，正在等待...
文件 round_60.pth 尚未出现，正在等待...
文件 round_60.pth 尚未出现，正在等待...
文件 round_60.pth 尚未出现，正在等待...
文件 round_60.pth 已出现。
>> Round 60 | Current Acc: 0.65420, Best Acc: 0.70090 <<
--------------------------------------------------------------------------------
文件 /data/FL/models/local_models/client_0_round_61.pth 已成功传输到 60.204.226.214:/data/FL/local_models/
文件 round_61.pth 尚未出现，正在等待...
文件 round_61.pth 尚未出现，正在等待...
文件 round_61.pth 尚未出现，正在等待...
文件 round_61.pth 尚未出现，正在等待...
文件 round_61.pth 已出现。
>> Round 61 | Current Acc: 0.68630, Best Acc: 0.70090 <<
--------------------------------------------------------------------------------
文件 /data/FL/models/local_models/client_0_round_62.pth 已成功传输到 60.204.226.214:/data/FL/local_models/
文件 round_62.pth 尚未出现，正在等待...
文件 round_62.pth 尚未出现，正在等待...
文件 round_62.pth 尚未出现，正在等待...
文件 round_62.pth 尚未出现，正在等待...
文件 round_62.pth 已出现。
>> Round 62 | Current Acc: 0.68090, Best Acc: 0.70090 <<
--------------------------------------------------------------------------------
文件 /data/FL/models/local_models/client_0_round_63.pth 已成功传输到 60.204.226.214:/data/FL/local_models/
文件 round_63.pth 尚未出现，正在等待...
文件 round_63.pth 尚未出现，正在等待...
文件 round_63.pth 尚未出现，正在等待...
文件 round_63.pth 尚未出现，正在等待...
文件 round_63.pth 已出现。
>> Round 63 | Current Acc: 0.70270, Best Acc: 0.70270 <<
--------------------------------------------------------------------------------
文件 /data/FL/models/local_models/client_0_round_64.pth 已成功传输到 60.204.226.214:/data/FL/local_models/
文件 round_64.pth 尚未出现，正在等待...
文件 round_64.pth 尚未出现，正在等待...
文件 round_64.pth 尚未出现，正在等待...
文件 round_64.pth 尚未出现，正在等待...
文件 round_64.pth 尚未出现，正在等待...
文件 round_64.pth 已出现。
>> Round 64 | Current Acc: 0.69690, Best Acc: 0.70270 <<
--------------------------------------------------------------------------------
文件 /data/FL/models/local_models/client_0_round_65.pth 已成功传输到 60.204.226.214:/data/FL/local_models/
文件 round_65.pth 尚未出现，正在等待...
文件 round_65.pth 尚未出现，正在等待...
文件 round_65.pth 尚未出现，正在等待...
文件 round_65.pth 尚未出现，正在等待...
文件 round_65.pth 已出现。
>> Round 65 | Current Acc: 0.68000, Best Acc: 0.70270 <<
--------------------------------------------------------------------------------
文件 /data/FL/models/local_models/client_0_round_66.pth 已成功传输到 60.204.226.214:/data/FL/local_models/
文件 round_66.pth 尚未出现，正在等待...
文件 round_66.pth 尚未出现，正在等待...
文件 round_66.pth 尚未出现，正在等待...
文件 round_66.pth 尚未出现，正在等待...
文件 round_66.pth 已出现。
>> Round 66 | Current Acc: 0.69630, Best Acc: 0.70270 <<
--------------------------------------------------------------------------------
文件 /data/FL/models/local_models/client_0_round_67.pth 已成功传输到 60.204.226.214:/data/FL/local_models/
文件 round_67.pth 尚未出现，正在等待...
文件 round_67.pth 尚未出现，正在等待...
文件 round_67.pth 尚未出现，正在等待...
文件 round_67.pth 尚未出现，正在等待...
文件 round_67.pth 已出现。
>> Round 67 | Current Acc: 0.68220, Best Acc: 0.70270 <<
--------------------------------------------------------------------------------
文件 /data/FL/models/local_models/client_0_round_68.pth 已成功传输到 60.204.226.214:/data/FL/local_models/
文件 round_68.pth 尚未出现，正在等待...
文件 round_68.pth 尚未出现，正在等待...
文件 round_68.pth 尚未出现，正在等待...
文件 round_68.pth 尚未出现，正在等待...
文件 round_68.pth 已出现。
>> Round 68 | Current Acc: 0.66520, Best Acc: 0.70270 <<
--------------------------------------------------------------------------------
文件 /data/FL/models/local_models/client_0_round_69.pth 已成功传输到 60.204.226.214:/data/FL/local_models/
文件 round_69.pth 尚未出现，正在等待...
文件 round_69.pth 尚未出现，正在等待...
文件 round_69.pth 尚未出现，正在等待...
文件 round_69.pth 尚未出现，正在等待...
文件 round_69.pth 已出现。
>> Round 69 | Current Acc: 0.68990, Best Acc: 0.70270 <<
--------------------------------------------------------------------------------
文件 /data/FL/models/local_models/client_0_round_70.pth 已成功传输到 60.204.226.214:/data/FL/local_models/
文件 round_70.pth 尚未出现，正在等待...
文件 round_70.pth 尚未出现，正在等待...
文件 round_70.pth 尚未出现，正在等待...
文件 round_70.pth 尚未出现，正在等待...
文件 round_70.pth 已出现。
>> Round 70 | Current Acc: 0.69250, Best Acc: 0.70270 <<
--------------------------------------------------------------------------------
文件 /data/FL/models/local_models/client_0_round_71.pth 已成功传输到 60.204.226.214:/data/FL/local_models/
文件 round_71.pth 尚未出现，正在等待...
文件 round_71.pth 尚未出现，正在等待...
文件 round_71.pth 尚未出现，正在等待...
文件 round_71.pth 尚未出现，正在等待...
文件 round_71.pth 尚未出现，正在等待...
文件 round_71.pth 已出现。
>> Round 71 | Current Acc: 0.71850, Best Acc: 0.71850 <<
--------------------------------------------------------------------------------
文件 /data/FL/models/local_models/client_0_round_72.pth 已成功传输到 60.204.226.214:/data/FL/local_models/
文件 round_72.pth 尚未出现，正在等待...
文件 round_72.pth 尚未出现，正在等待...
文件 round_72.pth 尚未出现，正在等待...
文件 round_72.pth 尚未出现，正在等待...
文件 round_72.pth 已出现。
>> Round 72 | Current Acc: 0.67830, Best Acc: 0.71850 <<
--------------------------------------------------------------------------------
文件 /data/FL/models/local_models/client_0_round_73.pth 已成功传输到 60.204.226.214:/data/FL/local_models/
文件 round_73.pth 尚未出现，正在等待...
文件 round_73.pth 尚未出现，正在等待...
文件 round_73.pth 尚未出现，正在等待...
文件 round_73.pth 尚未出现，正在等待...
文件 round_73.pth 已出现。
>> Round 73 | Current Acc: 0.73540, Best Acc: 0.73540 <<
--------------------------------------------------------------------------------
文件 /data/FL/models/local_models/client_0_round_74.pth 已成功传输到 60.204.226.214:/data/FL/local_models/
文件 round_74.pth 尚未出现，正在等待...
文件 round_74.pth 尚未出现，正在等待...
文件 round_74.pth 尚未出现，正在等待...
文件 round_74.pth 尚未出现，正在等待...
文件 round_74.pth 已出现。
>> Round 74 | Current Acc: 0.67920, Best Acc: 0.73540 <<
--------------------------------------------------------------------------------
文件 /data/FL/models/local_models/client_0_round_75.pth 已成功传输到 60.204.226.214:/data/FL/local_models/
文件 round_75.pth 尚未出现，正在等待...
文件 round_75.pth 尚未出现，正在等待...
文件 round_75.pth 尚未出现，正在等待...
文件 round_75.pth 尚未出现，正在等待...
文件 round_75.pth 已出现。
>> Round 75 | Current Acc: 0.68520, Best Acc: 0.73540 <<
--------------------------------------------------------------------------------
文件 /data/FL/models/local_models/client_0_round_76.pth 已成功传输到 60.204.226.214:/data/FL/local_models/
文件 round_76.pth 尚未出现，正在等待...
文件 round_76.pth 尚未出现，正在等待...
文件 round_76.pth 尚未出现，正在等待...
文件 round_76.pth 尚未出现，正在等待...
文件 round_76.pth 已出现。
>> Round 76 | Current Acc: 0.70530, Best Acc: 0.73540 <<
--------------------------------------------------------------------------------
文件 /data/FL/models/local_models/client_0_round_77.pth 已成功传输到 60.204.226.214:/data/FL/local_models/
文件 round_77.pth 尚未出现，正在等待...
文件 round_77.pth 尚未出现，正在等待...
文件 round_77.pth 尚未出现，正在等待...
文件 round_77.pth 尚未出现，正在等待...
文件 round_77.pth 已出现。
>> Round 77 | Current Acc: 0.69140, Best Acc: 0.73540 <<
--------------------------------------------------------------------------------
文件 /data/FL/models/local_models/client_0_round_78.pth 已成功传输到 60.204.226.214:/data/FL/local_models/
文件 round_78.pth 尚未出现，正在等待...
文件 round_78.pth 尚未出现，正在等待...
文件 round_78.pth 尚未出现，正在等待...
文件 round_78.pth 尚未出现，正在等待...
文件 round_78.pth 尚未出现，正在等待...
文件 round_78.pth 已出现。
>> Round 78 | Current Acc: 0.68270, Best Acc: 0.73540 <<
--------------------------------------------------------------------------------
文件 /data/FL/models/local_models/client_0_round_79.pth 已成功传输到 60.204.226.214:/data/FL/local_models/
文件 round_79.pth 尚未出现，正在等待...
文件 round_79.pth 尚未出现，正在等待...
文件 round_79.pth 尚未出现，正在等待...
文件 round_79.pth 尚未出现，正在等待...
文件 round_79.pth 已出现。
>> Round 79 | Current Acc: 0.69750, Best Acc: 0.73540 <<
--------------------------------------------------------------------------------
文件 /data/FL/models/local_models/client_0_round_80.pth 已成功传输到 60.204.226.214:/data/FL/local_models/
文件 round_80.pth 尚未出现，正在等待...
文件 round_80.pth 尚未出现，正在等待...
文件 round_80.pth 尚未出现，正在等待...
文件 round_80.pth 尚未出现，正在等待...
文件 round_80.pth 已出现。
>> Round 80 | Current Acc: 0.68400, Best Acc: 0.73540 <<
--------------------------------------------------------------------------------
文件 /data/FL/models/local_models/client_0_round_81.pth 已成功传输到 60.204.226.214:/data/FL/local_models/
文件 round_81.pth 尚未出现，正在等待...
文件 round_81.pth 尚未出现，正在等待...
文件 round_81.pth 尚未出现，正在等待...
文件 round_81.pth 尚未出现，正在等待...
文件 round_81.pth 尚未出现，正在等待...
文件 round_81.pth 已出现。
>> Round 81 | Current Acc: 0.67150, Best Acc: 0.73540 <<
--------------------------------------------------------------------------------
文件 /data/FL/models/local_models/client_0_round_82.pth 已成功传输到 60.204.226.214:/data/FL/local_models/
文件 round_82.pth 尚未出现，正在等待...
文件 round_82.pth 尚未出现，正在等待...
文件 round_82.pth 尚未出现，正在等待...
文件 round_82.pth 尚未出现，正在等待...
文件 round_82.pth 已出现。
>> Round 82 | Current Acc: 0.70160, Best Acc: 0.73540 <<
--------------------------------------------------------------------------------
文件 /data/FL/models/local_models/client_0_round_83.pth 已成功传输到 60.204.226.214:/data/FL/local_models/
文件 round_83.pth 尚未出现，正在等待...
文件 round_83.pth 尚未出现，正在等待...
文件 round_83.pth 尚未出现，正在等待...
文件 round_83.pth 尚未出现，正在等待...
文件 round_83.pth 已出现。
>> Round 83 | Current Acc: 0.69900, Best Acc: 0.73540 <<
--------------------------------------------------------------------------------
文件 /data/FL/models/local_models/client_0_round_84.pth 已成功传输到 60.204.226.214:/data/FL/local_models/
文件 round_84.pth 尚未出现，正在等待...
文件 round_84.pth 尚未出现，正在等待...
文件 round_84.pth 尚未出现，正在等待...
文件 round_84.pth 尚未出现，正在等待...
文件 round_84.pth 已出现。
>> Round 84 | Current Acc: 0.70910, Best Acc: 0.73540 <<
--------------------------------------------------------------------------------
文件 /data/FL/models/local_models/client_0_round_85.pth 已成功传输到 60.204.226.214:/data/FL/local_models/
文件 round_85.pth 尚未出现，正在等待...
文件 round_85.pth 尚未出现，正在等待...
文件 round_85.pth 尚未出现，正在等待...
文件 round_85.pth 尚未出现，正在等待...
文件 round_85.pth 已出现。
>> Round 85 | Current Acc: 0.70330, Best Acc: 0.73540 <<
--------------------------------------------------------------------------------
文件 /data/FL/models/local_models/client_0_round_86.pth 已成功传输到 60.204.226.214:/data/FL/local_models/
文件 round_86.pth 尚未出现，正在等待...
文件 round_86.pth 尚未出现，正在等待...
文件 round_86.pth 尚未出现，正在等待...
文件 round_86.pth 尚未出现，正在等待...
文件 round_86.pth 已出现。
>> Round 86 | Current Acc: 0.70580, Best Acc: 0.73540 <<
--------------------------------------------------------------------------------
文件 /data/FL/models/local_models/client_0_round_87.pth 已成功传输到 60.204.226.214:/data/FL/local_models/
文件 round_87.pth 尚未出现，正在等待...
文件 round_87.pth 尚未出现，正在等待...
文件 round_87.pth 尚未出现，正在等待...
文件 round_87.pth 尚未出现，正在等待...
文件 round_87.pth 已出现。
>> Round 87 | Current Acc: 0.68750, Best Acc: 0.73540 <<
--------------------------------------------------------------------------------
文件 /data/FL/models/local_models/client_0_round_88.pth 已成功传输到 60.204.226.214:/data/FL/local_models/
文件 round_88.pth 尚未出现，正在等待...
文件 round_88.pth 尚未出现，正在等待...
文件 round_88.pth 尚未出现，正在等待...
文件 round_88.pth 尚未出现，正在等待...
文件 round_88.pth 尚未出现，正在等待...
文件 round_88.pth 已出现。
>> Round 88 | Current Acc: 0.71720, Best Acc: 0.73540 <<
--------------------------------------------------------------------------------
文件 /data/FL/models/local_models/client_0_round_89.pth 已成功传输到 60.204.226.214:/data/FL/local_models/
文件 round_89.pth 尚未出现，正在等待...
文件 round_89.pth 尚未出现，正在等待...
文件 round_89.pth 尚未出现，正在等待...
文件 round_89.pth 尚未出现，正在等待...
文件 round_89.pth 已出现。
>> Round 89 | Current Acc: 0.67430, Best Acc: 0.73540 <<
--------------------------------------------------------------------------------
文件 /data/FL/models/local_models/client_0_round_90.pth 已成功传输到 60.204.226.214:/data/FL/local_models/
文件 round_90.pth 尚未出现，正在等待...
文件 round_90.pth 尚未出现，正在等待...
文件 round_90.pth 尚未出现，正在等待...
文件 round_90.pth 尚未出现，正在等待...
文件 round_90.pth 已出现。
>> Round 90 | Current Acc: 0.72210, Best Acc: 0.73540 <<
--------------------------------------------------------------------------------
文件 /data/FL/models/local_models/client_0_round_91.pth 已成功传输到 60.204.226.214:/data/FL/local_models/
文件 round_91.pth 尚未出现，正在等待...
文件 round_91.pth 尚未出现，正在等待...
文件 round_91.pth 尚未出现，正在等待...
文件 round_91.pth 尚未出现，正在等待...
文件 round_91.pth 已出现。
>> Round 91 | Current Acc: 0.71760, Best Acc: 0.73540 <<
--------------------------------------------------------------------------------
文件 /data/FL/models/local_models/client_0_round_92.pth 已成功传输到 60.204.226.214:/data/FL/local_models/
文件 round_92.pth 尚未出现，正在等待...
文件 round_92.pth 尚未出现，正在等待...
文件 round_92.pth 尚未出现，正在等待...
文件 round_92.pth 尚未出现，正在等待...
文件 round_92.pth 已出现。
>> Round 92 | Current Acc: 0.71570, Best Acc: 0.73540 <<
--------------------------------------------------------------------------------
文件 /data/FL/models/local_models/client_0_round_93.pth 已成功传输到 60.204.226.214:/data/FL/local_models/
文件 round_93.pth 尚未出现，正在等待...
文件 round_93.pth 尚未出现，正在等待...
文件 round_93.pth 尚未出现，正在等待...
文件 round_93.pth 尚未出现，正在等待...
文件 round_93.pth 已出现。
>> Round 93 | Current Acc: 0.72240, Best Acc: 0.73540 <<
--------------------------------------------------------------------------------
文件 /data/FL/models/local_models/client_0_round_94.pth 已成功传输到 60.204.226.214:/data/FL/local_models/
文件 round_94.pth 尚未出现，正在等待...
文件 round_94.pth 尚未出现，正在等待...
文件 round_94.pth 尚未出现，正在等待...
文件 round_94.pth 尚未出现，正在等待...
文件 round_94.pth 尚未出现，正在等待...
文件 round_94.pth 已出现。
>> Round 94 | Current Acc: 0.71170, Best Acc: 0.73540 <<
--------------------------------------------------------------------------------
文件 /data/FL/models/local_models/client_0_round_95.pth 已成功传输到 60.204.226.214:/data/FL/local_models/
文件 round_95.pth 尚未出现，正在等待...
文件 round_95.pth 尚未出现，正在等待...
文件 round_95.pth 尚未出现，正在等待...
文件 round_95.pth 尚未出现，正在等待...
文件 round_95.pth 尚未出现，正在等待...
文件 round_95.pth 已出现。
>> Round 95 | Current Acc: 0.72870, Best Acc: 0.73540 <<
--------------------------------------------------------------------------------
文件 /data/FL/models/local_models/client_0_round_96.pth 已成功传输到 60.204.226.214:/data/FL/local_models/
文件 round_96.pth 尚未出现，正在等待...
文件 round_96.pth 尚未出现，正在等待...
文件 round_96.pth 尚未出现，正在等待...
文件 round_96.pth 尚未出现，正在等待...
文件 round_96.pth 已出现。
>> Round 96 | Current Acc: 0.73240, Best Acc: 0.73540 <<
--------------------------------------------------------------------------------
文件 /data/FL/models/local_models/client_0_round_97.pth 已成功传输到 60.204.226.214:/data/FL/local_models/
文件 round_97.pth 尚未出现，正在等待...
文件 round_97.pth 尚未出现，正在等待...
文件 round_97.pth 尚未出现，正在等待...
文件 round_97.pth 尚未出现，正在等待...
文件 round_97.pth 已出现。
>> Round 97 | Current Acc: 0.69580, Best Acc: 0.73540 <<
--------------------------------------------------------------------------------
文件 /data/FL/models/local_models/client_0_round_98.pth 已成功传输到 60.204.226.214:/data/FL/local_models/
文件 round_98.pth 尚未出现，正在等待...
文件 round_98.pth 尚未出现，正在等待...
文件 round_98.pth 尚未出现，正在等待...
文件 round_98.pth 尚未出现，正在等待...
文件 round_98.pth 已出现。
>> Round 98 | Current Acc: 0.72570, Best Acc: 0.73540 <<
--------------------------------------------------------------------------------
文件 /data/FL/models/local_models/client_0_round_99.pth 已成功传输到 60.204.226.214:/data/FL/local_models/
文件 round_99.pth 尚未出现，正在等待...
文件 round_99.pth 尚未出现，正在等待...
文件 round_99.pth 尚未出现，正在等待...
文件 round_99.pth 尚未出现，正在等待...
文件 round_99.pth 已出现。
>> Round 99 | Current Acc: 0.70190, Best Acc: 0.73540 <<
--------------------------------------------------------------------------------
